Analysis & Synthesis report for metronome
Wed Nov 19 15:09:53 2025
Quartus Prime Version 24.1std.0 Build 1077 03/04/2025 SC Lite Edition


---------------------
; Table of Contents ;
---------------------
  1. Legal Notice
  2. Analysis & Synthesis Summary
  3. Analysis & Synthesis Settings
  4. Parallel Compilation
  5. Analysis & Synthesis Source Files Read
  6. Analysis & Synthesis Resource Usage Summary
  7. Analysis & Synthesis Resource Utilization by Entity
  8. Registers Removed During Synthesis
  9. General Register Statistics
 10. Inverted Register Statistics
 11. Multiplexer Restructuring Statistics (Restructuring Performed)
 12. Parameter Settings for User Entity Instance: metronome:metro
 13. Parameter Settings for Inferred Entity Instance: seg7_display:display|lpm_divide:Mod0
 14. Parameter Settings for Inferred Entity Instance: seg7_display:display|lpm_divide:Div0
 15. Parameter Settings for Inferred Entity Instance: seg7_display:display|lpm_divide:Mod1
 16. Parameter Settings for Inferred Entity Instance: seg7_display:display|lpm_divide:Div1
 17. Parameter Settings for Inferred Entity Instance: seg7_display:display|lpm_divide:Mod2
 18. Parameter Settings for Inferred Entity Instance: metronome:metro|lpm_divide:Div0
 19. Post-Synthesis Netlist Statistics for Top Partition
 20. Elapsed Time Per Partition
 21. Analysis & Synthesis Messages
 22. Analysis & Synthesis Suppressed Messages



----------------
; Legal Notice ;
----------------
Copyright (C) 2025  Altera Corporation. All rights reserved.
Your use of Altera Corporation's design tools, logic functions 
and other software and tools, and any partner logic 
functions, and any output files from any of the foregoing 
(including device programming or simulation files), and any 
associated documentation or information are expressly subject 
to the terms and conditions of the Altera Program License 
Subscription Agreement, the Altera Quartus Prime License Agreement,
the Altera IP License Agreement, or other applicable license
agreement, including, without limitation, that your use is for
the sole purpose of programming logic devices manufactured by
Altera and sold by Altera or its authorized distributors.  Please
refer to the Altera Software License Subscription Agreements 
on the Quartus Prime software download page.



+--------------------------------------------------------------------------------------+
; Analysis & Synthesis Summary                                                         ;
+------------------------------------+-------------------------------------------------+
; Analysis & Synthesis Status        ; Successful - Wed Nov 19 15:09:53 2025           ;
; Quartus Prime Version              ; 24.1std.0 Build 1077 03/04/2025 SC Lite Edition ;
; Revision Name                      ; metronome                                       ;
; Top-level Entity Name              ; metronome_display                               ;
; Family                             ; Cyclone IV E                                    ;
; Total logic elements               ; 1,261                                           ;
;     Total combinational functions  ; 1,185                                           ;
;     Dedicated logic registers      ; 260                                             ;
; Total registers                    ; 260                                             ;
; Total pins                         ; 23                                              ;
; Total virtual pins                 ; 0                                               ;
; Total memory bits                  ; 0                                               ;
; Embedded Multiplier 9-bit elements ; 0                                               ;
; Total PLLs                         ; 0                                               ;
+------------------------------------+-------------------------------------------------+


+------------------------------------------------------------------------------------------------------------+
; Analysis & Synthesis Settings                                                                              ;
+------------------------------------------------------------------+--------------------+--------------------+
; Option                                                           ; Setting            ; Default Value      ;
+------------------------------------------------------------------+--------------------+--------------------+
; Top-level entity name                                            ; metronome_display  ; metronome          ;
; Family name                                                      ; Cyclone IV E       ; Cyclone V          ;
; Use smart compilation                                            ; Off                ; Off                ;
; Enable parallel Assembler and Timing Analyzer during compilation ; On                 ; On                 ;
; Enable compact report table                                      ; Off                ; Off                ;
; Restructure Multiplexers                                         ; Auto               ; Auto               ;
; Create Debugging Nodes for IP Cores                              ; Off                ; Off                ;
; Preserve fewer node names                                        ; On                 ; On                 ;
; Intel FPGA IP Evaluation Mode                                    ; Enable             ; Enable             ;
; Verilog Version                                                  ; Verilog_2001       ; Verilog_2001       ;
; VHDL Version                                                     ; VHDL_1993          ; VHDL_1993          ;
; State Machine Processing                                         ; Auto               ; Auto               ;
; Safe State Machine                                               ; Off                ; Off                ;
; Extract Verilog State Machines                                   ; On                 ; On                 ;
; Extract VHDL State Machines                                      ; On                 ; On                 ;
; Ignore Verilog initial constructs                                ; Off                ; Off                ;
; Iteration limit for constant Verilog loops                       ; 5000               ; 5000               ;
; Iteration limit for non-constant Verilog loops                   ; 250                ; 250                ;
; Add Pass-Through Logic to Inferred RAMs                          ; On                 ; On                 ;
; Infer RAMs from Raw Logic                                        ; On                 ; On                 ;
; Parallel Synthesis                                               ; On                 ; On                 ;
; DSP Block Balancing                                              ; Auto               ; Auto               ;
; NOT Gate Push-Back                                               ; On                 ; On                 ;
; Power-Up Don't Care                                              ; On                 ; On                 ;
; Remove Redundant Logic Cells                                     ; Off                ; Off                ;
; Remove Duplicate Registers                                       ; On                 ; On                 ;
; Ignore CARRY Buffers                                             ; Off                ; Off                ;
; Ignore CASCADE Buffers                                           ; Off                ; Off                ;
; Ignore GLOBAL Buffers                                            ; Off                ; Off                ;
; Ignore ROW GLOBAL Buffers                                        ; Off                ; Off                ;
; Ignore LCELL Buffers                                             ; Off                ; Off                ;
; Ignore SOFT Buffers                                              ; On                 ; On                 ;
; Limit AHDL Integers to 32 Bits                                   ; Off                ; Off                ;
; Optimization Technique                                           ; Balanced           ; Balanced           ;
; Carry Chain Length                                               ; 70                 ; 70                 ;
; Auto Carry Chains                                                ; On                 ; On                 ;
; Auto Open-Drain Pins                                             ; On                 ; On                 ;
; Perform WYSIWYG Primitive Resynthesis                            ; Off                ; Off                ;
; Auto ROM Replacement                                             ; On                 ; On                 ;
; Auto RAM Replacement                                             ; On                 ; On                 ;
; Auto DSP Block Replacement                                       ; On                 ; On                 ;
; Auto Shift Register Replacement                                  ; Auto               ; Auto               ;
; Allow Shift Register Merging across Hierarchies                  ; Auto               ; Auto               ;
; Auto Clock Enable Replacement                                    ; On                 ; On                 ;
; Strict RAM Replacement                                           ; Off                ; Off                ;
; Allow Synchronous Control Signals                                ; On                 ; On                 ;
; Force Use of Synchronous Clear Signals                           ; Off                ; Off                ;
; Auto RAM Block Balancing                                         ; On                 ; On                 ;
; Auto RAM to Logic Cell Conversion                                ; Off                ; Off                ;
; Auto Resource Sharing                                            ; Off                ; Off                ;
; Allow Any RAM Size For Recognition                               ; Off                ; Off                ;
; Allow Any ROM Size For Recognition                               ; Off                ; Off                ;
; Allow Any Shift Register Size For Recognition                    ; Off                ; Off                ;
; Use LogicLock Constraints during Resource Balancing              ; On                 ; On                 ;
; Ignore translate_off and synthesis_off directives                ; Off                ; Off                ;
; Timing-Driven Synthesis                                          ; On                 ; On                 ;
; Report Parameter Settings                                        ; On                 ; On                 ;
; Report Source Assignments                                        ; On                 ; On                 ;
; Report Connectivity Checks                                       ; On                 ; On                 ;
; Ignore Maximum Fan-Out Assignments                               ; Off                ; Off                ;
; Synchronization Register Chain Length                            ; 2                  ; 2                  ;
; Power Optimization During Synthesis                              ; Normal compilation ; Normal compilation ;
; HDL message level                                                ; Level2             ; Level2             ;
; Suppress Register Optimization Related Messages                  ; Off                ; Off                ;
; Number of Removed Registers Reported in Synthesis Report         ; 5000               ; 5000               ;
; Number of Swept Nodes Reported in Synthesis Report               ; 5000               ; 5000               ;
; Number of Inverted Registers Reported in Synthesis Report        ; 100                ; 100                ;
; Clock MUX Protection                                             ; On                 ; On                 ;
; Auto Gated Clock Conversion                                      ; Off                ; Off                ;
; Block Design Naming                                              ; Auto               ; Auto               ;
; SDC constraint protection                                        ; Off                ; Off                ;
; Synthesis Effort                                                 ; Auto               ; Auto               ;
; Shift Register Replacement - Allow Asynchronous Clear Signal     ; On                 ; On                 ;
; Pre-Mapping Resynthesis Optimization                             ; Off                ; Off                ;
; Analysis & Synthesis Message Level                               ; Medium             ; Medium             ;
; Disable Register Merging Across Hierarchies                      ; Auto               ; Auto               ;
; Resource Aware Inference For Block RAM                           ; On                 ; On                 ;
+------------------------------------------------------------------+--------------------+--------------------+


+------------------------------------------+
; Parallel Compilation                     ;
+----------------------------+-------------+
; Processors                 ; Number      ;
+----------------------------+-------------+
; Number detected on machine ; 4           ;
; Maximum allowed            ; 2           ;
;                            ;             ;
; Average used               ; 1.00        ;
; Maximum used               ; 2           ;
;                            ;             ;
; Usage by Processor         ; % Time Used ;
;     Processor 1            ; 100.0%      ;
;     Processor 2            ;   0.0%      ;
+----------------------------+-------------+


+-------------------------------------------------------------------------------------------------------------------------------------------------------------------------------+
; Analysis & Synthesis Source Files Read                                                                                                                                        ;
+----------------------------------+-----------------+------------------------------+---------------------------------------------------------------------------------+---------+
; File Name with User-Entered Path ; Used in Netlist ; File Type                    ; File Name with Absolute Path                                                    ; Library ;
+----------------------------------+-----------------+------------------------------+---------------------------------------------------------------------------------+---------+
; metronome_display.v              ; yes             ; User Verilog HDL File        ; C:/Users/kenja/Documents/Study/DLG/quartus/metronome/metronome_display.v        ;         ;
; lpm_divide.tdf                   ; yes             ; Megafunction                 ; c:/intelfpga_lite/24.1std/quartus/libraries/megafunctions/lpm_divide.tdf        ;         ;
; abs_divider.inc                  ; yes             ; Megafunction                 ; c:/intelfpga_lite/24.1std/quartus/libraries/megafunctions/abs_divider.inc       ;         ;
; sign_div_unsign.inc              ; yes             ; Megafunction                 ; c:/intelfpga_lite/24.1std/quartus/libraries/megafunctions/sign_div_unsign.inc   ;         ;
; aglobal241.inc                   ; yes             ; Megafunction                 ; c:/intelfpga_lite/24.1std/quartus/libraries/megafunctions/aglobal241.inc        ;         ;
; db/lpm_divide_n9m.tdf            ; yes             ; Auto-Generated Megafunction  ; C:/Users/kenja/Documents/Study/DLG/quartus/metronome/db/lpm_divide_n9m.tdf      ;         ;
; db/sign_div_unsign_ckh.tdf       ; yes             ; Auto-Generated Megafunction  ; C:/Users/kenja/Documents/Study/DLG/quartus/metronome/db/sign_div_unsign_ckh.tdf ;         ;
; db/alt_u_div_c4f.tdf             ; yes             ; Auto-Generated Megafunction  ; C:/Users/kenja/Documents/Study/DLG/quartus/metronome/db/alt_u_div_c4f.tdf       ;         ;
; db/add_sub_7pc.tdf               ; yes             ; Auto-Generated Megafunction  ; C:/Users/kenja/Documents/Study/DLG/quartus/metronome/db/add_sub_7pc.tdf         ;         ;
; db/add_sub_8pc.tdf               ; yes             ; Auto-Generated Megafunction  ; C:/Users/kenja/Documents/Study/DLG/quartus/metronome/db/add_sub_8pc.tdf         ;         ;
; db/lpm_divide_khm.tdf            ; yes             ; Auto-Generated Megafunction  ; C:/Users/kenja/Documents/Study/DLG/quartus/metronome/db/lpm_divide_khm.tdf      ;         ;
; db/lpm_divide_nhm.tdf            ; yes             ; Auto-Generated Megafunction  ; C:/Users/kenja/Documents/Study/DLG/quartus/metronome/db/lpm_divide_nhm.tdf      ;         ;
; db/sign_div_unsign_fkh.tdf       ; yes             ; Auto-Generated Megafunction  ; C:/Users/kenja/Documents/Study/DLG/quartus/metronome/db/sign_div_unsign_fkh.tdf ;         ;
; db/alt_u_div_i4f.tdf             ; yes             ; Auto-Generated Megafunction  ; C:/Users/kenja/Documents/Study/DLG/quartus/metronome/db/alt_u_div_i4f.tdf       ;         ;
; db/lpm_divide_5jm.tdf            ; yes             ; Auto-Generated Megafunction  ; C:/Users/kenja/Documents/Study/DLG/quartus/metronome/db/lpm_divide_5jm.tdf      ;         ;
; db/sign_div_unsign_tlh.tdf       ; yes             ; Auto-Generated Megafunction  ; C:/Users/kenja/Documents/Study/DLG/quartus/metronome/db/sign_div_unsign_tlh.tdf ;         ;
; db/alt_u_div_e7f.tdf             ; yes             ; Auto-Generated Megafunction  ; C:/Users/kenja/Documents/Study/DLG/quartus/metronome/db/alt_u_div_e7f.tdf       ;         ;
+----------------------------------+-----------------+------------------------------+---------------------------------------------------------------------------------+---------+


+---------------------------------------------------------+
; Analysis & Synthesis Resource Usage Summary             ;
+---------------------------------------------+-----------+
; Resource                                    ; Usage     ;
+---------------------------------------------+-----------+
; Estimated Total logic elements              ; 1,261     ;
;                                             ;           ;
; Total combinational functions               ; 1185      ;
; Logic element usage by number of LUT inputs ;           ;
;     -- 4 input functions                    ; 261       ;
;     -- 3 input functions                    ; 549       ;
;     -- <=2 input functions                  ; 375       ;
;                                             ;           ;
; Logic elements by mode                      ;           ;
;     -- normal mode                          ; 689       ;
;     -- arithmetic mode                      ; 496       ;
;                                             ;           ;
; Total registers                             ; 260       ;
;     -- Dedicated logic registers            ; 260       ;
;     -- I/O registers                        ; 0         ;
;                                             ;           ;
; I/O pins                                    ; 23        ;
;                                             ;           ;
; Embedded Multiplier 9-bit elements          ; 0         ;
;                                             ;           ;
; Maximum fan-out node                        ; clk~input ;
; Maximum fan-out                             ; 260       ;
; Total fan-out                               ; 4236      ;
; Average fan-out                             ; 2.84      ;
+---------------------------------------------+-----------+


+-----------------------------------------------------------------------------------------------------------------------------------------------------------------------------------------------------------------------------------------------------------------------------------------------------------------------------------------------------+
; Analysis & Synthesis Resource Utilization by Entity                                                                                                                                                                                                                                                                                                 ;
+-------------------------------------------+---------------------+---------------------------+-------------+--------------+---------+-----------+------+--------------+-----------------------------------------------------------------------------------------------------------------------------------------+---------------------+--------------+
; Compilation Hierarchy Node                ; Combinational ALUTs ; Dedicated Logic Registers ; Memory Bits ; DSP Elements ; DSP 9x9 ; DSP 18x18 ; Pins ; Virtual Pins ; Full Hierarchy Name                                                                                                                     ; Entity Name         ; Library Name ;
+-------------------------------------------+---------------------+---------------------------+-------------+--------------+---------+-----------+------+--------------+-----------------------------------------------------------------------------------------------------------------------------------------+---------------------+--------------+
; |metronome_display                        ; 1185 (6)            ; 260 (0)                   ; 0           ; 0            ; 0       ; 0         ; 23   ; 0            ; |metronome_display                                                                                                                      ; metronome_display   ; work         ;
;    |metronome:metro|                      ; 879 (321)           ; 242 (242)                 ; 0           ; 0            ; 0       ; 0         ; 0    ; 0            ; |metronome_display|metronome:metro                                                                                                      ; metronome           ; work         ;
;       |lpm_divide:Div0|                   ; 558 (0)             ; 0 (0)                     ; 0           ; 0            ; 0       ; 0         ; 0    ; 0            ; |metronome_display|metronome:metro|lpm_divide:Div0                                                                                      ; lpm_divide          ; work         ;
;          |lpm_divide_5jm:auto_generated|  ; 558 (0)             ; 0 (0)                     ; 0           ; 0            ; 0       ; 0         ; 0    ; 0            ; |metronome_display|metronome:metro|lpm_divide:Div0|lpm_divide_5jm:auto_generated                                                        ; lpm_divide_5jm      ; work         ;
;             |sign_div_unsign_tlh:divider| ; 558 (0)             ; 0 (0)                     ; 0           ; 0            ; 0       ; 0         ; 0    ; 0            ; |metronome_display|metronome:metro|lpm_divide:Div0|lpm_divide_5jm:auto_generated|sign_div_unsign_tlh:divider                            ; sign_div_unsign_tlh ; work         ;
;                |alt_u_div_e7f:divider|    ; 558 (558)           ; 0 (0)                     ; 0           ; 0            ; 0       ; 0         ; 0    ; 0            ; |metronome_display|metronome:metro|lpm_divide:Div0|lpm_divide_5jm:auto_generated|sign_div_unsign_tlh:divider|alt_u_div_e7f:divider      ; alt_u_div_e7f       ; work         ;
;    |seg7_display:display|                 ; 300 (66)            ; 18 (18)                   ; 0           ; 0            ; 0       ; 0         ; 0    ; 0            ; |metronome_display|seg7_display:display                                                                                                 ; seg7_display        ; work         ;
;       |lpm_divide:Div0|                   ; 73 (0)              ; 0 (0)                     ; 0           ; 0            ; 0       ; 0         ; 0    ; 0            ; |metronome_display|seg7_display:display|lpm_divide:Div0                                                                                 ; lpm_divide          ; work         ;
;          |lpm_divide_khm:auto_generated|  ; 73 (0)              ; 0 (0)                     ; 0           ; 0            ; 0       ; 0         ; 0    ; 0            ; |metronome_display|seg7_display:display|lpm_divide:Div0|lpm_divide_khm:auto_generated                                                   ; lpm_divide_khm      ; work         ;
;             |sign_div_unsign_ckh:divider| ; 73 (0)              ; 0 (0)                     ; 0           ; 0            ; 0       ; 0         ; 0    ; 0            ; |metronome_display|seg7_display:display|lpm_divide:Div0|lpm_divide_khm:auto_generated|sign_div_unsign_ckh:divider                       ; sign_div_unsign_ckh ; work         ;
;                |alt_u_div_c4f:divider|    ; 73 (73)             ; 0 (0)                     ; 0           ; 0            ; 0       ; 0         ; 0    ; 0            ; |metronome_display|seg7_display:display|lpm_divide:Div0|lpm_divide_khm:auto_generated|sign_div_unsign_ckh:divider|alt_u_div_c4f:divider ; alt_u_div_c4f       ; work         ;
;       |lpm_divide:Div1|                   ; 49 (0)              ; 0 (0)                     ; 0           ; 0            ; 0       ; 0         ; 0    ; 0            ; |metronome_display|seg7_display:display|lpm_divide:Div1                                                                                 ; lpm_divide          ; work         ;
;          |lpm_divide_nhm:auto_generated|  ; 49 (0)              ; 0 (0)                     ; 0           ; 0            ; 0       ; 0         ; 0    ; 0            ; |metronome_display|seg7_display:display|lpm_divide:Div1|lpm_divide_nhm:auto_generated                                                   ; lpm_divide_nhm      ; work         ;
;             |sign_div_unsign_fkh:divider| ; 49 (0)              ; 0 (0)                     ; 0           ; 0            ; 0       ; 0         ; 0    ; 0            ; |metronome_display|seg7_display:display|lpm_divide:Div1|lpm_divide_nhm:auto_generated|sign_div_unsign_fkh:divider                       ; sign_div_unsign_fkh ; work         ;
;                |alt_u_div_i4f:divider|    ; 49 (49)             ; 0 (0)                     ; 0           ; 0            ; 0       ; 0         ; 0    ; 0            ; |metronome_display|seg7_display:display|lpm_divide:Div1|lpm_divide_nhm:auto_generated|sign_div_unsign_fkh:divider|alt_u_div_i4f:divider ; alt_u_div_i4f       ; work         ;
;       |lpm_divide:Mod0|                   ; 75 (0)              ; 0 (0)                     ; 0           ; 0            ; 0       ; 0         ; 0    ; 0            ; |metronome_display|seg7_display:display|lpm_divide:Mod0                                                                                 ; lpm_divide          ; work         ;
;          |lpm_divide_n9m:auto_generated|  ; 75 (0)              ; 0 (0)                     ; 0           ; 0            ; 0       ; 0         ; 0    ; 0            ; |metronome_display|seg7_display:display|lpm_divide:Mod0|lpm_divide_n9m:auto_generated                                                   ; lpm_divide_n9m      ; work         ;
;             |sign_div_unsign_ckh:divider| ; 75 (0)              ; 0 (0)                     ; 0           ; 0            ; 0       ; 0         ; 0    ; 0            ; |metronome_display|seg7_display:display|lpm_divide:Mod0|lpm_divide_n9m:auto_generated|sign_div_unsign_ckh:divider                       ; sign_div_unsign_ckh ; work         ;
;                |alt_u_div_c4f:divider|    ; 75 (75)             ; 0 (0)                     ; 0           ; 0            ; 0       ; 0         ; 0    ; 0            ; |metronome_display|seg7_display:display|lpm_divide:Mod0|lpm_divide_n9m:auto_generated|sign_div_unsign_ckh:divider|alt_u_div_c4f:divider ; alt_u_div_c4f       ; work         ;
;       |lpm_divide:Mod1|                   ; 37 (0)              ; 0 (0)                     ; 0           ; 0            ; 0       ; 0         ; 0    ; 0            ; |metronome_display|seg7_display:display|lpm_divide:Mod1                                                                                 ; lpm_divide          ; work         ;
;          |lpm_divide_n9m:auto_generated|  ; 37 (0)              ; 0 (0)                     ; 0           ; 0            ; 0       ; 0         ; 0    ; 0            ; |metronome_display|seg7_display:display|lpm_divide:Mod1|lpm_divide_n9m:auto_generated                                                   ; lpm_divide_n9m      ; work         ;
;             |sign_div_unsign_ckh:divider| ; 37 (0)              ; 0 (0)                     ; 0           ; 0            ; 0       ; 0         ; 0    ; 0            ; |metronome_display|seg7_display:display|lpm_divide:Mod1|lpm_divide_n9m:auto_generated|sign_div_unsign_ckh:divider                       ; sign_div_unsign_ckh ; work         ;
;                |alt_u_div_c4f:divider|    ; 37 (37)             ; 0 (0)                     ; 0           ; 0            ; 0       ; 0         ; 0    ; 0            ; |metronome_display|seg7_display:display|lpm_divide:Mod1|lpm_divide_n9m:auto_generated|sign_div_unsign_ckh:divider|alt_u_div_c4f:divider ; alt_u_div_c4f       ; work         ;
+-------------------------------------------+---------------------+---------------------------+-------------+--------------+---------+-----------+------+--------------+-----------------------------------------------------------------------------------------------------------------------------------------+---------------------+--------------+
Note: For table entries with two numbers listed, the numbers in parentheses indicate the number of resources of the given type used by the specific entity alone. The numbers listed outside of parentheses indicate the total resources of the given type used by the specific entity and all of its sub-entities in the hierarchy.


+--------------------------------------------------------------------------------+
; Registers Removed During Synthesis                                             ;
+---------------------------------------+----------------------------------------+
; Register name                         ; Reason for Removal                     ;
+---------------------------------------+----------------------------------------+
; metronome:metro|fast_mode             ; Stuck at GND due to stuck port data_in ;
; Total Number of Removed Registers = 1 ;                                        ;
+---------------------------------------+----------------------------------------+


+------------------------------------------------------+
; General Register Statistics                          ;
+----------------------------------------------+-------+
; Statistic                                    ; Value ;
+----------------------------------------------+-------+
; Total registers                              ; 260   ;
; Number of registers using Synchronous Clear  ; 56    ;
; Number of registers using Synchronous Load   ; 7     ;
; Number of registers using Asynchronous Clear ; 231   ;
; Number of registers using Asynchronous Load  ; 0     ;
; Number of registers using Clock Enable       ; 57    ;
; Number of registers using Preset             ; 0     ;
+----------------------------------------------+-------+


+-----------------------------------------------------+
; Inverted Register Statistics                        ;
+-------------------------------------------+---------+
; Inverted Register                         ; Fan out ;
+-------------------------------------------+---------+
; metronome:metro|bpm[6]                    ; 40      ;
; metronome:metro|bpm[5]                    ; 39      ;
; metronome:metro|bpm[4]                    ; 45      ;
; metronome:metro|bpm[3]                    ; 43      ;
; metronome:metro|beep_n                    ; 1       ;
; metronome:metro|running                   ; 14      ;
; metronome:metro|time_sig_sel[1]           ; 5       ;
; metronome:metro|accent_enable             ; 3       ;
; metronome:metro|tick_threshold[31]        ; 1       ;
; metronome:metro|tick_threshold[30]        ; 1       ;
; metronome:metro|tick_threshold[29]        ; 1       ;
; metronome:metro|tick_threshold[28]        ; 1       ;
; metronome:metro|tick_threshold[27]        ; 1       ;
; metronome:metro|tick_threshold[26]        ; 1       ;
; metronome:metro|tick_threshold[25]        ; 1       ;
; metronome:metro|tick_threshold[24]        ; 1       ;
; metronome:metro|tick_threshold[22]        ; 1       ;
; metronome:metro|tick_threshold[20]        ; 1       ;
; metronome:metro|tick_threshold[19]        ; 1       ;
; metronome:metro|tick_threshold[17]        ; 1       ;
; metronome:metro|tick_threshold[16]        ; 1       ;
; metronome:metro|tick_threshold[14]        ; 1       ;
; metronome:metro|tick_threshold[12]        ; 1       ;
; metronome:metro|tick_threshold[10]        ; 1       ;
; metronome:metro|tick_threshold[9]         ; 1       ;
; metronome:metro|tick_threshold[4]         ; 1       ;
; metronome:metro|tick_threshold[3]         ; 1       ;
; metronome:metro|tick_threshold[2]         ; 1       ;
; metronome:metro|tick_threshold[1]         ; 1       ;
; metronome:metro|key_opt_prev              ; 5       ;
; metronome:metro|key_opt_db[19]            ; 1       ;
; metronome:metro|key_opt_db[18]            ; 2       ;
; metronome:metro|key_opt_db[17]            ; 2       ;
; metronome:metro|key_opt_db[16]            ; 2       ;
; metronome:metro|key_opt_db[15]            ; 2       ;
; metronome:metro|key_opt_db[14]            ; 2       ;
; metronome:metro|key_opt_db[13]            ; 2       ;
; metronome:metro|key_opt_db[12]            ; 2       ;
; metronome:metro|key_opt_db[11]            ; 2       ;
; metronome:metro|key_opt_db[10]            ; 2       ;
; metronome:metro|key_mode_prev             ; 4       ;
; metronome:metro|key_mode_db[19]           ; 1       ;
; metronome:metro|key_mode_db[18]           ; 2       ;
; metronome:metro|key_mode_db[17]           ; 2       ;
; metronome:metro|key_mode_db[16]           ; 2       ;
; metronome:metro|key_mode_db[15]           ; 2       ;
; metronome:metro|key_mode_db[14]           ; 2       ;
; metronome:metro|key_mode_db[13]           ; 2       ;
; metronome:metro|key_mode_db[12]           ; 2       ;
; metronome:metro|key_mode_db[11]           ; 2       ;
; metronome:metro|key_mode_db[10]           ; 2       ;
; metronome:metro|key_dec_db[3]             ; 2       ;
; metronome:metro|key_dec_db[2]             ; 2       ;
; metronome:metro|key_dec_db[1]             ; 2       ;
; metronome:metro|key_dec_db[0]             ; 2       ;
; metronome:metro|key_dec_db[17]            ; 2       ;
; metronome:metro|key_dec_db[16]            ; 2       ;
; metronome:metro|key_dec_db[15]            ; 2       ;
; metronome:metro|key_dec_db[14]            ; 2       ;
; metronome:metro|key_dec_db[13]            ; 2       ;
; metronome:metro|key_dec_db[12]            ; 2       ;
; metronome:metro|key_dec_db[19]            ; 1       ;
; metronome:metro|key_dec_db[18]            ; 2       ;
; metronome:metro|key_dec_db[11]            ; 2       ;
; metronome:metro|key_dec_db[10]            ; 2       ;
; metronome:metro|key_dec_db[9]             ; 2       ;
; metronome:metro|key_dec_db[8]             ; 2       ;
; metronome:metro|key_dec_db[7]             ; 2       ;
; metronome:metro|key_dec_db[6]             ; 2       ;
; metronome:metro|key_dec_db[5]             ; 2       ;
; metronome:metro|key_dec_db[4]             ; 2       ;
; metronome:metro|key_inc_db[3]             ; 2       ;
; metronome:metro|key_inc_db[2]             ; 2       ;
; metronome:metro|key_inc_db[1]             ; 2       ;
; metronome:metro|key_inc_db[0]             ; 2       ;
; metronome:metro|key_inc_db[19]            ; 1       ;
; metronome:metro|key_inc_db[18]            ; 2       ;
; metronome:metro|key_inc_db[17]            ; 2       ;
; metronome:metro|key_inc_db[16]            ; 2       ;
; metronome:metro|key_inc_db[15]            ; 2       ;
; metronome:metro|key_inc_db[14]            ; 2       ;
; metronome:metro|key_inc_db[13]            ; 2       ;
; metronome:metro|key_inc_db[12]            ; 2       ;
; metronome:metro|key_inc_db[11]            ; 2       ;
; metronome:metro|key_inc_db[10]            ; 2       ;
; metronome:metro|key_inc_db[9]             ; 2       ;
; metronome:metro|key_inc_db[8]             ; 2       ;
; metronome:metro|key_inc_db[5]             ; 2       ;
; metronome:metro|key_inc_db[4]             ; 2       ;
; metronome:metro|key_inc_db[7]             ; 2       ;
; metronome:metro|key_inc_db[6]             ; 2       ;
; metronome:metro|key_opt_db[9]             ; 1       ;
; metronome:metro|key_mode_db[9]            ; 1       ;
; metronome:metro|key_opt_db[8]             ; 1       ;
; metronome:metro|key_mode_db[8]            ; 1       ;
; metronome:metro|key_opt_db[7]             ; 1       ;
; metronome:metro|key_mode_db[7]            ; 1       ;
; metronome:metro|key_opt_db[6]             ; 1       ;
; metronome:metro|key_mode_db[6]            ; 1       ;
; metronome:metro|key_opt_db[5]             ; 1       ;
; Total number of inverted registers = 111* ;         ;
+-------------------------------------------+---------+
* Table truncated at 100 items. To change the number of inverted registers reported, set the "Number of Inverted Registers Reported" option under Assignments->Settings->Analysis and Synthesis Settings->More Settings


+------------------------------------------------------------------------------------------------------------------------------------------------------------------------+
; Multiplexer Restructuring Statistics (Restructuring Performed)                                                                                                         ;
+--------------------+-----------+---------------+----------------------+------------------------+------------+----------------------------------------------------------+
; Multiplexer Inputs ; Bus Width ; Baseline Area ; Area if Restructured ; Saving if Restructured ; Registered ; Example Multiplexer Output                               ;
+--------------------+-----------+---------------+----------------------+------------------------+------------+----------------------------------------------------------+
; 3:1                ; 27 bits   ; 54 LEs        ; 27 LEs               ; 27 LEs                 ; Yes        ; |metronome_display|metronome:metro|mode_timer[22]        ;
; 3:1                ; 5 bits    ; 10 LEs        ; 5 LEs                ; 5 LEs                  ; Yes        ; |metronome_display|metronome:metro|bpm[8]                ;
; 3:1                ; 20 bits   ; 40 LEs        ; 20 LEs               ; 20 LEs                 ; Yes        ; |metronome_display|metronome:metro|buzz_counter[19]      ;
; 4:1                ; 2 bits    ; 4 LEs         ; 2 LEs                ; 2 LEs                  ; Yes        ; |metronome_display|metronome:metro|beat_pos[1]           ;
; 4:1                ; 32 bits   ; 64 LEs        ; 32 LEs               ; 32 LEs                 ; Yes        ; |metronome_display|metronome:metro|tick_counter[11]      ;
; 5:1                ; 3 bits    ; 9 LEs         ; 3 LEs                ; 6 LEs                  ; Yes        ; |metronome_display|metronome:metro|beat_count[0]         ;
; 3:1                ; 4 bits    ; 8 LEs         ; 4 LEs                ; 4 LEs                  ; Yes        ; |metronome_display|metronome:metro|bpm[6]                ;
; 7:1                ; 3 bits    ; 12 LEs        ; 9 LEs                ; 3 LEs                  ; No         ; |metronome_display|seg7_display:display|current_digit[0] ;
+--------------------+-----------+---------------+----------------------+------------------------+------------+----------------------------------------------------------+


+--------------------------------------------------------------+
; Parameter Settings for User Entity Instance: metronome:metro ;
+----------------+----------+----------------------------------+
; Parameter Name ; Value    ; Type                             ;
+----------------+----------+----------------------------------+
; CLK_FREQ       ; 50000000 ; Signed Integer                   ;
; MIN_BPM        ; 30       ; Signed Integer                   ;
; MAX_BPM        ; 300      ; Signed Integer                   ;
+----------------+----------+----------------------------------+
Note: In order to hide this table in the UI and the text report file, please set the "Show Parameter Settings in Synthesis Report" option in "Analysis and Synthesis Settings -> More Settings" to "Off".


+---------------------------------------------------------------------------------------+
; Parameter Settings for Inferred Entity Instance: seg7_display:display|lpm_divide:Mod0 ;
+------------------------+----------------+---------------------------------------------+
; Parameter Name         ; Value          ; Type                                        ;
+------------------------+----------------+---------------------------------------------+
; LPM_WIDTHN             ; 9              ; Untyped                                     ;
; LPM_WIDTHD             ; 4              ; Untyped                                     ;
; LPM_NREPRESENTATION    ; UNSIGNED       ; Untyped                                     ;
; LPM_DREPRESENTATION    ; UNSIGNED       ; Untyped                                     ;
; LPM_PIPELINE           ; 0              ; Untyped                                     ;
; LPM_REMAINDERPOSITIVE  ; TRUE           ; Untyped                                     ;
; MAXIMIZE_SPEED         ; 5              ; Untyped                                     ;
; CBXI_PARAMETER         ; lpm_divide_n9m ; Untyped                                     ;
; CARRY_CHAIN            ; MANUAL         ; Untyped                                     ;
; OPTIMIZE_FOR_SPEED     ; 5              ; Untyped                                     ;
; AUTO_CARRY_CHAINS      ; ON             ; AUTO_CARRY                                  ;
; IGNORE_CARRY_BUFFERS   ; OFF            ; IGNORE_CARRY                                ;
; AUTO_CASCADE_CHAINS    ; ON             ; AUTO_CASCADE                                ;
; IGNORE_CASCADE_BUFFERS ; OFF            ; IGNORE_CASCADE                              ;
+------------------------+----------------+---------------------------------------------+
Note: In order to hide this table in the UI and the text report file, please set the "Show Parameter Settings in Synthesis Report" option in "Analysis and Synthesis Settings -> More Settings" to "Off".


+---------------------------------------------------------------------------------------+
; Parameter Settings for Inferred Entity Instance: seg7_display:display|lpm_divide:Div0 ;
+------------------------+----------------+---------------------------------------------+
; Parameter Name         ; Value          ; Type                                        ;
+------------------------+----------------+---------------------------------------------+
; LPM_WIDTHN             ; 9              ; Untyped                                     ;
; LPM_WIDTHD             ; 4              ; Untyped                                     ;
; LPM_NREPRESENTATION    ; UNSIGNED       ; Untyped                                     ;
; LPM_DREPRESENTATION    ; UNSIGNED       ; Untyped                                     ;
; LPM_PIPELINE           ; 0              ; Untyped                                     ;
; LPM_REMAINDERPOSITIVE  ; TRUE           ; Untyped                                     ;
; MAXIMIZE_SPEED         ; 5              ; Untyped                                     ;
; CBXI_PARAMETER         ; lpm_divide_khm ; Untyped                                     ;
; CARRY_CHAIN            ; MANUAL         ; Untyped                                     ;
; OPTIMIZE_FOR_SPEED     ; 5              ; Untyped                                     ;
; AUTO_CARRY_CHAINS      ; ON             ; AUTO_CARRY                                  ;
; IGNORE_CARRY_BUFFERS   ; OFF            ; IGNORE_CARRY                                ;
; AUTO_CASCADE_CHAINS    ; ON             ; AUTO_CASCADE                                ;
; IGNORE_CASCADE_BUFFERS ; OFF            ; IGNORE_CASCADE                              ;
+------------------------+----------------+---------------------------------------------+
Note: In order to hide this table in the UI and the text report file, please set the "Show Parameter Settings in Synthesis Report" option in "Analysis and Synthesis Settings -> More Settings" to "Off".


+---------------------------------------------------------------------------------------+
; Parameter Settings for Inferred Entity Instance: seg7_display:display|lpm_divide:Mod1 ;
+------------------------+----------------+---------------------------------------------+
; Parameter Name         ; Value          ; Type                                        ;
+------------------------+----------------+---------------------------------------------+
; LPM_WIDTHN             ; 9              ; Untyped                                     ;
; LPM_WIDTHD             ; 4              ; Untyped                                     ;
; LPM_NREPRESENTATION    ; UNSIGNED       ; Untyped                                     ;
; LPM_DREPRESENTATION    ; UNSIGNED       ; Untyped                                     ;
; LPM_PIPELINE           ; 0              ; Untyped                                     ;
; LPM_REMAINDERPOSITIVE  ; TRUE           ; Untyped                                     ;
; MAXIMIZE_SPEED         ; 5              ; Untyped                                     ;
; CBXI_PARAMETER         ; lpm_divide_n9m ; Untyped                                     ;
; CARRY_CHAIN            ; MANUAL         ; Untyped                                     ;
; OPTIMIZE_FOR_SPEED     ; 5              ; Untyped                                     ;
; AUTO_CARRY_CHAINS      ; ON             ; AUTO_CARRY                                  ;
; IGNORE_CARRY_BUFFERS   ; OFF            ; IGNORE_CARRY                                ;
; AUTO_CASCADE_CHAINS    ; ON             ; AUTO_CASCADE                                ;
; IGNORE_CASCADE_BUFFERS ; OFF            ; IGNORE_CASCADE                              ;
+------------------------+----------------+---------------------------------------------+
Note: In order to hide this table in the UI and the text report file, please set the "Show Parameter Settings in Synthesis Report" option in "Analysis and Synthesis Settings -> More Settings" to "Off".


+---------------------------------------------------------------------------------------+
; Parameter Settings for Inferred Entity Instance: seg7_display:display|lpm_divide:Div1 ;
+------------------------+----------------+---------------------------------------------+
; Parameter Name         ; Value          ; Type                                        ;
+------------------------+----------------+---------------------------------------------+
; LPM_WIDTHN             ; 9              ; Untyped                                     ;
; LPM_WIDTHD             ; 7              ; Untyped                                     ;
; LPM_NREPRESENTATION    ; UNSIGNED       ; Untyped                                     ;
; LPM_DREPRESENTATION    ; UNSIGNED       ; Untyped                                     ;
; LPM_PIPELINE           ; 0              ; Untyped                                     ;
; LPM_REMAINDERPOSITIVE  ; TRUE           ; Untyped                                     ;
; MAXIMIZE_SPEED         ; 5              ; Untyped                                     ;
; CBXI_PARAMETER         ; lpm_divide_nhm ; Untyped                                     ;
; CARRY_CHAIN            ; MANUAL         ; Untyped                                     ;
; OPTIMIZE_FOR_SPEED     ; 5              ; Untyped                                     ;
; AUTO_CARRY_CHAINS      ; ON             ; AUTO_CARRY                                  ;
; IGNORE_CARRY_BUFFERS   ; OFF            ; IGNORE_CARRY                                ;
; AUTO_CASCADE_CHAINS    ; ON             ; AUTO_CASCADE                                ;
; IGNORE_CASCADE_BUFFERS ; OFF            ; IGNORE_CASCADE                              ;
+------------------------+----------------+---------------------------------------------+
Note: In order to hide this table in the UI and the text report file, please set the "Show Parameter Settings in Synthesis Report" option in "Analysis and Synthesis Settings -> More Settings" to "Off".


+---------------------------------------------------------------------------------------+
; Parameter Settings for Inferred Entity Instance: seg7_display:display|lpm_divide:Mod2 ;
+------------------------+----------------+---------------------------------------------+
; Parameter Name         ; Value          ; Type                                        ;
+------------------------+----------------+---------------------------------------------+
; LPM_WIDTHN             ; 9              ; Untyped                                     ;
; LPM_WIDTHD             ; 4              ; Untyped                                     ;
; LPM_NREPRESENTATION    ; UNSIGNED       ; Untyped                                     ;
; LPM_DREPRESENTATION    ; UNSIGNED       ; Untyped                                     ;
; LPM_PIPELINE           ; 0              ; Untyped                                     ;
; LPM_REMAINDERPOSITIVE  ; TRUE           ; Untyped                                     ;
; MAXIMIZE_SPEED         ; 5              ; Untyped                                     ;
; CBXI_PARAMETER         ; lpm_divide_n9m ; Untyped                                     ;
; CARRY_CHAIN            ; MANUAL         ; Untyped                                     ;
; OPTIMIZE_FOR_SPEED     ; 5              ; Untyped                                     ;
; AUTO_CARRY_CHAINS      ; ON             ; AUTO_CARRY                                  ;
; IGNORE_CARRY_BUFFERS   ; OFF            ; IGNORE_CARRY                                ;
; AUTO_CASCADE_CHAINS    ; ON             ; AUTO_CASCADE                                ;
; IGNORE_CASCADE_BUFFERS ; OFF            ; IGNORE_CASCADE                              ;
+------------------------+----------------+---------------------------------------------+
Note: In order to hide this table in the UI and the text report file, please set the "Show Parameter Settings in Synthesis Report" option in "Analysis and Synthesis Settings -> More Settings" to "Off".


+----------------------------------------------------------------------------------+
; Parameter Settings for Inferred Entity Instance: metronome:metro|lpm_divide:Div0 ;
+------------------------+----------------+----------------------------------------+
; Parameter Name         ; Value          ; Type                                   ;
+------------------------+----------------+----------------------------------------+
; LPM_WIDTHN             ; 32             ; Untyped                                ;
; LPM_WIDTHD             ; 9              ; Untyped                                ;
; LPM_NREPRESENTATION    ; UNSIGNED       ; Untyped                                ;
; LPM_DREPRESENTATION    ; UNSIGNED       ; Untyped                                ;
; LPM_PIPELINE           ; 0              ; Untyped                                ;
; LPM_REMAINDERPOSITIVE  ; TRUE           ; Untyped                                ;
; MAXIMIZE_SPEED         ; 5              ; Untyped                                ;
; CBXI_PARAMETER         ; lpm_divide_5jm ; Untyped                                ;
; CARRY_CHAIN            ; MANUAL         ; Untyped                                ;
; OPTIMIZE_FOR_SPEED     ; 5              ; Untyped                                ;
; AUTO_CARRY_CHAINS      ; ON             ; AUTO_CARRY                             ;
; IGNORE_CARRY_BUFFERS   ; OFF            ; IGNORE_CARRY                           ;
; AUTO_CASCADE_CHAINS    ; ON             ; AUTO_CASCADE                           ;
; IGNORE_CASCADE_BUFFERS ; OFF            ; IGNORE_CASCADE                         ;
+------------------------+----------------+----------------------------------------+
Note: In order to hide this table in the UI and the text report file, please set the "Show Parameter Settings in Synthesis Report" option in "Analysis and Synthesis Settings -> More Settings" to "Off".


+-----------------------------------------------------+
; Post-Synthesis Netlist Statistics for Top Partition ;
+-----------------------+-----------------------------+
; Type                  ; Count                       ;
+-----------------------+-----------------------------+
; boundary_port         ; 23                          ;
; cycloneiii_ff         ; 260                         ;
;     CLR               ; 144                         ;
;     CLR SCLR          ; 24                          ;
;     CLR SLD           ; 7                           ;
;     ENA               ; 1                           ;
;     ENA CLR           ; 24                          ;
;     ENA CLR SCLR      ; 32                          ;
;     plain             ; 28                          ;
; cycloneiii_lcell_comb ; 1195                        ;
;     arith             ; 496                         ;
;         1 data inputs ; 1                           ;
;         2 data inputs ; 151                         ;
;         3 data inputs ; 344                         ;
;     normal            ; 699                         ;
;         0 data inputs ; 49                          ;
;         1 data inputs ; 34                          ;
;         2 data inputs ; 150                         ;
;         3 data inputs ; 205                         ;
;         4 data inputs ; 261                         ;
;                       ;                             ;
; Max LUT depth         ; 86.10                       ;
; Average LUT depth     ; 40.58                       ;
+-----------------------+-----------------------------+


+-------------------------------+
; Elapsed Time Per Partition    ;
+----------------+--------------+
; Partition Name ; Elapsed Time ;
+----------------+--------------+
; Top            ; 00:00:01     ;
+----------------+--------------+


+-------------------------------+
; Analysis & Synthesis Messages ;
+-------------------------------+
Info: *******************************************************************
Info: Running Quartus Prime Analysis & Synthesis
    Info: Version 24.1std.0 Build 1077 03/04/2025 SC Lite Edition
    Info: Processing started: Wed Nov 19 15:09:41 2025
Info: Command: quartus_map --read_settings_files=on --write_settings_files=off metronome -c metronome
Warning (18236): Number of processors has not been specified which may cause overloading on shared machines.  Set the global assignment NUM_PARALLEL_PROCESSORS in your QSF to an appropriate value for best performance.
Info (20030): Parallel compilation is enabled and will use 2 of the 2 processors detected
Info (12021): Found 3 design units, including 3 entities, in source file metronome_display.v
    Info (12023): Found entity 1: metronome_display File: C:/Users/kenja/Documents/Study/DLG/quartus/metronome/metronome_display.v Line: 3
    Info (12023): Found entity 2: metronome File: C:/Users/kenja/Documents/Study/DLG/quartus/metronome/metronome_display.v Line: 74
    Info (12023): Found entity 3: seg7_display File: C:/Users/kenja/Documents/Study/DLG/quartus/metronome/metronome_display.v Line: 318
Info (12127): Elaborating entity "metronome_display" for the top level hierarchy
Info (12128): Elaborating entity "metronome" for hierarchy "metronome:metro" File: C:/Users/kenja/Documents/Study/DLG/quartus/metronome/metronome_display.v Line: 43
Warning (10259): Verilog HDL error at metronome_display.v(173): constant value overflow File: C:/Users/kenja/Documents/Study/DLG/quartus/metronome/metronome_display.v Line: 173
Warning (10230): Verilog HDL assignment warning at metronome_display.v(259): truncated value with size 32 to match size of target (9) File: C:/Users/kenja/Documents/Study/DLG/quartus/metronome/metronome_display.v Line: 259
Warning (10230): Verilog HDL assignment warning at metronome_display.v(264): truncated value with size 32 to match size of target (9) File: C:/Users/kenja/Documents/Study/DLG/quartus/metronome/metronome_display.v Line: 264
Info (12128): Elaborating entity "seg7_display" for hierarchy "seg7_display:display" File: C:/Users/kenja/Documents/Study/DLG/quartus/metronome/metronome_display.v Line: 67
Warning (10230): Verilog HDL assignment warning at metronome_display.v(339): truncated value with size 32 to match size of target (4) File: C:/Users/kenja/Documents/Study/DLG/quartus/metronome/metronome_display.v Line: 339
Warning (10230): Verilog HDL assignment warning at metronome_display.v(340): truncated value with size 32 to match size of target (4) File: C:/Users/kenja/Documents/Study/DLG/quartus/metronome/metronome_display.v Line: 340
Warning (10230): Verilog HDL assignment warning at metronome_display.v(341): truncated value with size 32 to match size of target (4) File: C:/Users/kenja/Documents/Study/DLG/quartus/metronome/metronome_display.v Line: 341
Info (278001): Inferred 6 megafunctions from design logic
    Info (278004): Inferred divider/modulo megafunction ("lpm_divide") from the following logic: "seg7_display:display|Mod0" File: C:/Users/kenja/Documents/Study/DLG/quartus/metronome/metronome_display.v Line: 339
    Info (278004): Inferred divider/modulo megafunction ("lpm_divide") from the following logic: "seg7_display:display|Div0" File: C:/Users/kenja/Documents/Study/DLG/quartus/metronome/metronome_display.v Line: 340
    Info (278004): Inferred divider/modulo megafunction ("lpm_divide") from the following logic: "seg7_display:display|Mod1" File: C:/Users/kenja/Documents/Study/DLG/quartus/metronome/metronome_display.v Line: 340
    Info (278004): Inferred divider/modulo megafunction ("lpm_divide") from the following logic: "seg7_display:display|Div1" File: C:/Users/kenja/Documents/Study/DLG/quartus/metronome/metronome_display.v Line: 341
    Info (278004): Inferred divider/modulo megafunction ("lpm_divide") from the following logic: "seg7_display:display|Mod2" File: C:/Users/kenja/Documents/Study/DLG/quartus/metronome/metronome_display.v Line: 341
    Info (278004): Inferred divider/modulo megafunction ("lpm_divide") from the following logic: "metronome:metro|Div0" File: C:/Users/kenja/Documents/Study/DLG/quartus/metronome/metronome_display.v Line: 270
Info (12130): Elaborated megafunction instantiation "seg7_display:display|lpm_divide:Mod0" File: C:/Users/kenja/Documents/Study/DLG/quartus/metronome/metronome_display.v Line: 339
Info (12133): Instantiated megafunction "seg7_display:display|lpm_divide:Mod0" with the following parameter: File: C:/Users/kenja/Documents/Study/DLG/quartus/metronome/metronome_display.v Line: 339
    Info (12134): Parameter "LPM_WIDTHN" = "9"
    Info (12134): Parameter "LPM_WIDTHD" = "4"
    Info (12134): Parameter "LPM_NREPRESENTATION" = "UNSIGNED"
    Info (12134): Parameter "LPM_DREPRESENTATION" = "UNSIGNED"
Info (12021): Found 1 design units, including 1 entities, in source file db/lpm_divide_n9m.tdf
    Info (12023): Found entity 1: lpm_divide_n9m File: C:/Users/kenja/Documents/Study/DLG/quartus/metronome/db/lpm_divide_n9m.tdf Line: 25
Info (12021): Found 1 design units, including 1 entities, in source file db/sign_div_unsign_ckh.tdf
    Info (12023): Found entity 1: sign_div_unsign_ckh File: C:/Users/kenja/Documents/Study/DLG/quartus/metronome/db/sign_div_unsign_ckh.tdf Line: 25
Info (12021): Found 1 design units, including 1 entities, in source file db/alt_u_div_c4f.tdf
    Info (12023): Found entity 1: alt_u_div_c4f File: C:/Users/kenja/Documents/Study/DLG/quartus/metronome/db/alt_u_div_c4f.tdf Line: 27
Info (12021): Found 1 design units, including 1 entities, in source file db/add_sub_7pc.tdf
    Info (12023): Found entity 1: add_sub_7pc File: C:/Users/kenja/Documents/Study/DLG/quartus/metronome/db/add_sub_7pc.tdf Line: 23
Info (12021): Found 1 design units, including 1 entities, in source file db/add_sub_8pc.tdf
    Info (12023): Found entity 1: add_sub_8pc File: C:/Users/kenja/Documents/Study/DLG/quartus/metronome/db/add_sub_8pc.tdf Line: 23
Info (12130): Elaborated megafunction instantiation "seg7_display:display|lpm_divide:Div0" File: C:/Users/kenja/Documents/Study/DLG/quartus/metronome/metronome_display.v Line: 340
Info (12133): Instantiated megafunction "seg7_display:display|lpm_divide:Div0" with the following parameter: File: C:/Users/kenja/Documents/Study/DLG/quartus/metronome/metronome_display.v Line: 340
    Info (12134): Parameter "LPM_WIDTHN" = "9"
    Info (12134): Parameter "LPM_WIDTHD" = "4"
    Info (12134): Parameter "LPM_NREPRESENTATION" = "UNSIGNED"
    Info (12134): Parameter "LPM_DREPRESENTATION" = "UNSIGNED"
Info (12021): Found 1 design units, including 1 entities, in source file db/lpm_divide_khm.tdf
    Info (12023): Found entity 1: lpm_divide_khm File: C:/Users/kenja/Documents/Study/DLG/quartus/metronome/db/lpm_divide_khm.tdf Line: 25
Info (12130): Elaborated megafunction instantiation "seg7_display:display|lpm_divide:Div1" File: C:/Users/kenja/Documents/Study/DLG/quartus/metronome/metronome_display.v Line: 341
Info (12133): Instantiated megafunction "seg7_display:display|lpm_divide:Div1" with the following parameter: File: C:/Users/kenja/Documents/Study/DLG/quartus/metronome/metronome_display.v Line: 341
    Info (12134): Parameter "LPM_WIDTHN" = "9"
    Info (12134): Parameter "LPM_WIDTHD" = "7"
    Info (12134): Parameter "LPM_NREPRESENTATION" = "UNSIGNED"
    Info (12134): Parameter "LPM_DREPRESENTATION" = "UNSIGNED"
Info (12021): Found 1 design units, including 1 entities, in source file db/lpm_divide_nhm.tdf
    Info (12023): Found entity 1: lpm_divide_nhm File: C:/Users/kenja/Documents/Study/DLG/quartus/metronome/db/lpm_divide_nhm.tdf Line: 25
Info (12021): Found 1 design units, including 1 entities, in source file db/sign_div_unsign_fkh.tdf
    Info (12023): Found entity 1: sign_div_unsign_fkh File: C:/Users/kenja/Documents/Study/DLG/quartus/metronome/db/sign_div_unsign_fkh.tdf Line: 25
Info (12021): Found 1 design units, including 1 entities, in source file db/alt_u_div_i4f.tdf
    Info (12023): Found entity 1: alt_u_div_i4f File: C:/Users/kenja/Documents/Study/DLG/quartus/metronome/db/alt_u_div_i4f.tdf Line: 27
Info (12130): Elaborated megafunction instantiation "metronome:metro|lpm_divide:Div0" File: C:/Users/kenja/Documents/Study/DLG/quartus/metronome/metronome_display.v Line: 270
Info (12133): Instantiated megafunction "metronome:metro|lpm_divide:Div0" with the following parameter: File: C:/Users/kenja/Documents/Study/DLG/quartus/metronome/metronome_display.v Line: 270
    Info (12134): Parameter "LPM_WIDTHN" = "32"
    Info (12134): Parameter "LPM_WIDTHD" = "9"
    Info (12134): Parameter "LPM_NREPRESENTATION" = "UNSIGNED"
    Info (12134): Parameter "LPM_DREPRESENTATION" = "UNSIGNED"
Info (12021): Found 1 design units, including 1 entities, in source file db/lpm_divide_5jm.tdf
    Info (12023): Found entity 1: lpm_divide_5jm File: C:/Users/kenja/Documents/Study/DLG/quartus/metronome/db/lpm_divide_5jm.tdf Line: 25
Info (12021): Found 1 design units, including 1 entities, in source file db/sign_div_unsign_tlh.tdf
    Info (12023): Found entity 1: sign_div_unsign_tlh File: C:/Users/kenja/Documents/Study/DLG/quartus/metronome/db/sign_div_unsign_tlh.tdf Line: 25
Info (12021): Found 1 design units, including 1 entities, in source file db/alt_u_div_e7f.tdf
    Info (12023): Found entity 1: alt_u_div_e7f File: C:/Users/kenja/Documents/Study/DLG/quartus/metronome/db/alt_u_div_e7f.tdf Line: 27
Info (13000): Registers with preset signals will power-up high File: C:/Users/kenja/Documents/Study/DLG/quartus/metronome/metronome_display.v Line: 81
Info (13003): DEV_CLRn pin will set, and not reset, register with preset signal due to NOT Gate Push-Back
Warning (13024): Output pins are stuck at VCC or GND
    Warning (13410): Pin "seg[7]" is stuck at VCC File: C:/Users/kenja/Documents/Study/DLG/quartus/metronome/metronome_display.v Line: 14
Info (286030): Timing-Driven Synthesis is running
Critical Warning (18061): Ignored Power-Up Level option on the following registers
    Critical Warning (18010): Register metronome:metro|tick_threshold[31] will power up to High File: C:/Users/kenja/Documents/Study/DLG/quartus/metronome/metronome_display.v Line: 191
    Critical Warning (18010): Register metronome:metro|tick_threshold[30] will power up to High File: C:/Users/kenja/Documents/Study/DLG/quartus/metronome/metronome_display.v Line: 191
    Critical Warning (18010): Register metronome:metro|tick_threshold[29] will power up to High File: C:/Users/kenja/Documents/Study/DLG/quartus/metronome/metronome_display.v Line: 191
    Critical Warning (18010): Register metronome:metro|tick_threshold[28] will power up to High File: C:/Users/kenja/Documents/Study/DLG/quartus/metronome/metronome_display.v Line: 191
    Critical Warning (18010): Register metronome:metro|tick_threshold[27] will power up to High File: C:/Users/kenja/Documents/Study/DLG/quartus/metronome/metronome_display.v Line: 191
    Critical Warning (18010): Register metronome:metro|tick_threshold[26] will power up to High File: C:/Users/kenja/Documents/Study/DLG/quartus/metronome/metronome_display.v Line: 191
    Critical Warning (18010): Register metronome:metro|tick_threshold[25] will power up to High File: C:/Users/kenja/Documents/Study/DLG/quartus/metronome/metronome_display.v Line: 191
    Critical Warning (18010): Register metronome:metro|tick_threshold[24] will power up to High File: C:/Users/kenja/Documents/Study/DLG/quartus/metronome/metronome_display.v Line: 191
    Critical Warning (18010): Register metronome:metro|tick_threshold[22] will power up to High File: C:/Users/kenja/Documents/Study/DLG/quartus/metronome/metronome_display.v Line: 191
    Critical Warning (18010): Register metronome:metro|tick_threshold[20] will power up to High File: C:/Users/kenja/Documents/Study/DLG/quartus/metronome/metronome_display.v Line: 191
    Critical Warning (18010): Register metronome:metro|tick_threshold[19] will power up to High File: C:/Users/kenja/Documents/Study/DLG/quartus/metronome/metronome_display.v Line: 191
    Critical Warning (18010): Register metronome:metro|tick_threshold[17] will power up to High File: C:/Users/kenja/Documents/Study/DLG/quartus/metronome/metronome_display.v Line: 191
    Critical Warning (18010): Register metronome:metro|tick_threshold[16] will power up to High File: C:/Users/kenja/Documents/Study/DLG/quartus/metronome/metronome_display.v Line: 191
    Critical Warning (18010): Register metronome:metro|tick_threshold[14] will power up to High File: C:/Users/kenja/Documents/Study/DLG/quartus/metronome/metronome_display.v Line: 191
    Critical Warning (18010): Register metronome:metro|tick_threshold[12] will power up to High File: C:/Users/kenja/Documents/Study/DLG/quartus/metronome/metronome_display.v Line: 191
    Critical Warning (18010): Register metronome:metro|tick_threshold[10] will power up to High File: C:/Users/kenja/Documents/Study/DLG/quartus/metronome/metronome_display.v Line: 191
    Critical Warning (18010): Register metronome:metro|tick_threshold[9] will power up to High File: C:/Users/kenja/Documents/Study/DLG/quartus/metronome/metronome_display.v Line: 191
    Critical Warning (18010): Register metronome:metro|tick_threshold[4] will power up to High File: C:/Users/kenja/Documents/Study/DLG/quartus/metronome/metronome_display.v Line: 191
    Critical Warning (18010): Register metronome:metro|tick_threshold[3] will power up to High File: C:/Users/kenja/Documents/Study/DLG/quartus/metronome/metronome_display.v Line: 191
    Critical Warning (18010): Register metronome:metro|tick_threshold[2] will power up to High File: C:/Users/kenja/Documents/Study/DLG/quartus/metronome/metronome_display.v Line: 191
    Critical Warning (18010): Register metronome:metro|tick_threshold[1] will power up to High File: C:/Users/kenja/Documents/Study/DLG/quartus/metronome/metronome_display.v Line: 191
Info (17016): Found the following redundant logic cells in design
    Info (17048): Logic cell "seg7_display:display|lpm_divide:Mod1|lpm_divide_n9m:auto_generated|sign_div_unsign_ckh:divider|alt_u_div_c4f:divider|add_sub_8_result_int[0]~0" File: C:/Users/kenja/Documents/Study/DLG/quartus/metronome/db/alt_u_div_c4f.tdf Line: 67
    Info (17048): Logic cell "seg7_display:display|lpm_divide:Mod1|lpm_divide_n9m:auto_generated|sign_div_unsign_ckh:divider|alt_u_div_c4f:divider|add_sub_6_result_int[0]~10" File: C:/Users/kenja/Documents/Study/DLG/quartus/metronome/db/alt_u_div_c4f.tdf Line: 57
    Info (17048): Logic cell "seg7_display:display|lpm_divide:Mod1|lpm_divide_n9m:auto_generated|sign_div_unsign_ckh:divider|alt_u_div_c4f:divider|add_sub_7_result_int[0]~10" File: C:/Users/kenja/Documents/Study/DLG/quartus/metronome/db/alt_u_div_c4f.tdf Line: 62
Info (144001): Generated suppressed messages file C:/Users/kenja/Documents/Study/DLG/quartus/metronome/output_files/metronome.map.smsg
Info (16010): Generating hard_block partition "hard_block:auto_generated_inst"
    Info (16011): Adding 0 node(s), including 0 DDIO, 0 PLL, 0 transceiver and 0 LCELL
Info (21057): Implemented 1299 device resources after synthesis - the final resource count might be different
    Info (21058): Implemented 6 input pins
    Info (21059): Implemented 17 output pins
    Info (21061): Implemented 1276 logic cells
Info: Quartus Prime Analysis & Synthesis was successful. 0 errors, 31 warnings
    Info: Peak virtual memory: 4776 megabytes
    Info: Processing ended: Wed Nov 19 15:09:53 2025
    Info: Elapsed time: 00:00:12
    Info: Total CPU time (on all processors): 00:00:25


+------------------------------------------+
; Analysis & Synthesis Suppressed Messages ;
+------------------------------------------+
The suppressed messages can be found in C:/Users/kenja/Documents/Study/DLG/quartus/metronome/output_files/metronome.map.smsg.


